<?xml version="1.0" encoding="UTF-8"?>
<!-- Generated by org.testng.reporters.JUnitReportReporter -->
<testsuite hostname="Mounika" failures="1" tests="2" name="com.productdetailsrunner.ProductDetailsTestRunner" time="36.993" errors="0" timestamp="2025-03-14T10:07:19 IST" skipped="0">
  <testcase classname="com.productdetailsrunner.ProductDetailsTestRunner" name="runScenario" time="26.289"/>
  <testcase classname="com.productdetailsrunner.ProductDetailsTestRunner" name="runScenario" time="10.704">
    <failure message="Add to cart confirmation message is not displayed expected [true] but found [false]" type="java.lang.AssertionError">
      <![CDATA[java.lang.AssertionError: Add to cart confirmation message is not displayed expected [true] but found [false]
at org.testng.Assert.fail(Assert.java:111)
at org.testng.Assert.failNotEquals(Assert.java:1590)
at org.testng.Assert.assertTrue(Assert.java:57)
at com.pages.ProductDetailsPage.addToCart(ProductDetailsPage.java:55)
at com.productdetailssteps.ProductDetailsStepDefinitions.user_adds_inch_laptop_to_the_cart(ProductDetailsStepDefinitions.java:36)
at âœ½.User adds 14.1 inch Laptop to the cart(file:///C:/Users/mouni/eclipse-workspace/Project_Workspace/Tricentis_Automation_Capstone_Project/src/test/resources/features/productdetails.feature:10)
]]>
    </failure>
  </testcase> <!-- runScenario -->
</testsuite> <!-- com.productdetailsrunner.ProductDetailsTestRunner -->
